<?xml version="1.0" encoding="UTF-8"?>
<testng-results skipped="0" failed="0" total="1" passed="1">
  <reporter-output>
  </reporter-output>
  <suite name="Default suite" duration-ms="5975" started-at="2016-11-09T13:53:39Z" finished-at="2016-11-09T13:53:45Z">
    <groups>
    </groups>
    <test name="Default test" duration-ms="5975" started-at="2016-11-09T13:53:39Z" finished-at="2016-11-09T13:53:45Z">
      <class name="utility.SeleniumALMIntegrationExample">
        <test-method status="PASS" signature="login()[pri:0, instance:utility.SeleniumALMIntegrationExample@194a1b5]" name="login" duration-ms="5957" started-at="2016-11-09T15:53:39Z" finished-at="2016-11-09T15:53:45Z">
          <reporter-output>
          </reporter-output>
        </test-method> <!-- login -->
      </class> <!-- utility.SeleniumALMIntegrationExample -->
    </test> <!-- Default test -->
  </suite> <!-- Default suite -->
</testng-results>
