<?xml version="1.0" encoding="UTF-8"?>
<!-- Generated by org.testng.reporters.JUnitXMLReporter -->
<testsuite hostname="sayoghos" name="Default test" tests="1" failures="0" timestamp="23 Nov 2016 19:02:01 GMT" time="0.037" errors="0">
  <testcase name="@BeforeTest setupDriver" time="0.0" classname="executionEngine.DriverScript">
    <failure type="org.testng.TestNGException" message="
Parameter &amp;apos;device_ID&amp;apos; is required by @Configuration on method setupDriver but has not been marked @Optional or defined
in C:\Users\IBM_ADMIN\AppData\Local\Temp\testng-eclipse--831340230\testng-customsuite.xml">
      <![CDATA[org.testng.TestNGException: 
Parameter 'device_ID' is required by @Configuration on method setupDriver but has not been marked @Optional or defined
in C:\Users\IBM_ADMIN\AppData\Local\Temp\testng-eclipse--831340230\testng-customsuite.xml
	at org.testng.internal.Parameters.createParameters(Parameters.java:155)
	at org.testng.internal.Parameters.createParameters(Parameters.java:355)
	at org.testng.internal.Parameters.createConfigurationParameters(Parameters.java:86)
	at org.testng.internal.Invoker.invokeConfigurations(Invoker.java:199)
	at org.testng.internal.Invoker.invokeConfigurations(Invoker.java:138)
	at org.testng.TestRunner.beforeRun(TestRunner.java:641)
	at org.testng.TestRunner.run(TestRunner.java:609)
	at org.testng.SuiteRunner.runTest(SuiteRunner.java:334)
	at org.testng.SuiteRunner.runSequentially(SuiteRunner.java:329)
	at org.testng.SuiteRunner.privateRun(SuiteRunner.java:291)
	at org.testng.SuiteRunner.run(SuiteRunner.java:240)
	at org.testng.SuiteRunnerWorker.runSuite(SuiteRunnerWorker.java:52)
	at org.testng.SuiteRunnerWorker.run(SuiteRunnerWorker.java:86)
	at org.testng.TestNG.runSuitesSequentially(TestNG.java:1198)
	at org.testng.TestNG.runSuitesLocally(TestNG.java:1123)
	at org.testng.TestNG.run(TestNG.java:1031)
	at org.testng.remote.RemoteTestNG.run(RemoteTestNG.java:111)
	at org.testng.remote.RemoteTestNG.initAndRun(RemoteTestNG.java:204)
	at org.testng.remote.RemoteTestNG.main(RemoteTestNG.java:175)
]]>
    </failure>
  </testcase> <!-- @BeforeTest setupDriver -->
  <testcase name="main_method" time="0.008" classname="executionEngine.DriverScript">
    <skipped/>
  </testcase> <!-- main_method -->
</testsuite> <!-- Default test -->
